<?xml version="1.0" encoding="UTF-8"?>
<!-- Generated by org.testng.reporters.JUnitReportReporter -->
<testsuite skipped="0" hostname="wso2-ThinkPad-X1-Carbon-4th" name="org.wso2.extension.siddhi.map.text.sinkmapper.TextSinkMapperWithSiddhiQLTestCase" tests="3" failures="0" timestamp="18 Jun 2017 07:09:57 GMT" time="0.247" errors="0">
  <testcase name="testNoSuchAttributeExceptionForTextOutputMapping" time="0.022" classname="org.wso2.extension.siddhi.map.text.sinkmapper.TextSinkMapperWithSiddhiQLTestCase"/>
  <testcase name="testTextOutputCustomMappingWithSiddhiQL" time="0.118" classname="org.wso2.extension.siddhi.map.text.sinkmapper.TextSinkMapperWithSiddhiQLTestCase"/>
  <testcase name="testTextSinkmapperDefaultMappingWithSiddhiQL" time="0.107" classname="org.wso2.extension.siddhi.map.text.sinkmapper.TextSinkMapperWithSiddhiQLTestCase"/>
</testsuite> <!-- org.wso2.extension.siddhi.map.text.sinkmapper.TextSinkMapperWithSiddhiQLTestCase -->
