<?xml version="1.0" encoding="UTF-8"?>
<!-- Generated by org.testng.reporters.JUnitReportReporter -->
<testsuite skipped="0" hostname="wso2-ThinkPad-X1-Carbon-4th" name="org.wso2.extension.siddhi.map.text.sinkmapper.TextSinkMapperWithSiddhiQueryAPITestCase" tests="2" failures="0" timestamp="18 Jun 2017 16:17:46 GMT" time="0.207" errors="0">
  <testcase name="testTextSinkmapperWithDefaultMapping" time="0.103" classname="org.wso2.extension.siddhi.map.text.sinkmapper.TextSinkMapperWithSiddhiQueryAPITestCase"/>
  <testcase name="testTextSinkmapperWithCustomMapping" time="0.104" classname="org.wso2.extension.siddhi.map.text.sinkmapper.TextSinkMapperWithSiddhiQueryAPITestCase"/>
</testsuite> <!-- org.wso2.extension.siddhi.map.text.sinkmapper.TextSinkMapperWithSiddhiQueryAPITestCase -->
