<?xml version="1.0" encoding="UTF-8"?>
<!-- Generated by org.testng.reporters.JUnitReportReporter -->
<testsuite skipped="0" hostname="wso2-ThinkPad-X1-Carbon-4th" name="org.wso2.extension.siddhi.map.text.sourcemapper.TextSourceMapperTestCase" tests="1" failures="0" timestamp="18 Jun 2017 16:17:46 GMT" time="0.428" errors="0">
  <testcase name="testTextSourcemapper1" time="0.428" classname="org.wso2.extension.siddhi.map.text.sourcemapper.TextSourceMapperTestCase"/>
</testsuite> <!-- org.wso2.extension.siddhi.map.text.sourcemapper.TextSourceMapperTestCase -->
